Read Time:           0.00956
Build Time:          0.00195
Reading hyperparameters config file add-hyperparams-filename...
Computing random walk for 1405 nodes and 23540 edges.
[TimingStat] Random walk time (s):                0.00181
Computing random walk for 1405 nodes and 23540 edges.
[TimingStat] Random walk time (s):                0.00121
Computing random walk for 1405 nodes and 23540 edges.
[TimingStat] Random walk time (s):                0.00124
Computing random walk for 1405 nodes and 23540 edges.
[TimingStat] Random walk time (s):                0.00122
Computing random walk for 1405 nodes and 23540 edges.
[TimingStat] Random walk time (s):                0.00160
Computing random walk for 1405 nodes and 23540 edges.
[TimingStat] Random walk time (s):                0.00132
Computing random walk for 1405 nodes and 23540 edges.
[TimingStat] Random walk time (s):                0.00115
Computing random walk for 1405 nodes and 23540 edges.
[TimingStat] Random walk time (s):                0.00137
Computing random walk for 1405 nodes and 23540 edges.
[TimingStat] Random walk time (s):                0.00113
Computing random walk for 1405 nodes and 23540 edges.
[TimingStat] Random walk time (s):                0.00121
Computing random walk for 1405 nodes and 23540 edges.
[TimingStat] Random walk time (s):                0.00119
Computing random walk for 1405 nodes and 23540 edges.
[TimingStat] Random walk time (s):                0.00148
Computing random walk for 1405 nodes and 23540 edges.
[TimingStat] Random walk time (s):                0.00146
Computing random walk for 1405 nodes and 23540 edges.
[TimingStat] Random walk time (s):                0.00127
Computing random walk for 1405 nodes and 23540 edges.
[TimingStat] Random walk time (s):                0.00125
Computing random walk for 1405 nodes and 23540 edges.
[TimingStat] Random walk time (s):                0.00111
Computing random walk for 1405 nodes and 23540 edges.
[TimingStat] Random walk time (s):                0.00128
Computing random walk for 1405 nodes and 23540 edges.
[TimingStat] Random walk time (s):                0.00124
Computing random walk for 1405 nodes and 23540 edges.
[TimingStat] Random walk time (s):                0.00164
Computing random walk for 1405 nodes and 23540 edges.
[TimingStat] Random walk time (s):                0.00150

real	0m0.465s
user	0m0.131s
sys	0m0.190s
