Read Time:           0.00955
Build Time:          0.00197
Reading hyperparameters config file add-hyperparams-filename...
Computing random walk for 1405 nodes and 23540 edges.
[TimingStat] Random walk time (s):                0.00188
Computing random walk for 1405 nodes and 23540 edges.
[TimingStat] Random walk time (s):                0.00113
Computing random walk for 1405 nodes and 23540 edges.
[TimingStat] Random walk time (s):                0.00123
Computing random walk for 1405 nodes and 23540 edges.
[TimingStat] Random walk time (s):                0.00119
Computing random walk for 1405 nodes and 23540 edges.
[TimingStat] Random walk time (s):                0.00141
Computing random walk for 1405 nodes and 23540 edges.
[TimingStat] Random walk time (s):                0.00149
Computing random walk for 1405 nodes and 23540 edges.
[TimingStat] Random walk time (s):                0.00125
Computing random walk for 1405 nodes and 23540 edges.
[TimingStat] Random walk time (s):                0.00118
Computing random walk for 1405 nodes and 23540 edges.
[TimingStat] Random walk time (s):                0.00117
Computing random walk for 1405 nodes and 23540 edges.
[TimingStat] Random walk time (s):                0.00123
Computing random walk for 1405 nodes and 23540 edges.
[TimingStat] Random walk time (s):                0.00120
Computing random walk for 1405 nodes and 23540 edges.
[TimingStat] Random walk time (s):                0.00147
Computing random walk for 1405 nodes and 23540 edges.
[TimingStat] Random walk time (s):                0.00146
Computing random walk for 1405 nodes and 23540 edges.
[TimingStat] Random walk time (s):                0.00116
Computing random walk for 1405 nodes and 23540 edges.
[TimingStat] Random walk time (s):                0.00128
Computing random walk for 1405 nodes and 23540 edges.
[TimingStat] Random walk time (s):                0.00127
Computing random walk for 1405 nodes and 23540 edges.
[TimingStat] Random walk time (s):                0.00123
Computing random walk for 1405 nodes and 23540 edges.
[TimingStat] Random walk time (s):                0.00123
Computing random walk for 1405 nodes and 23540 edges.
[TimingStat] Random walk time (s):                0.00156
Computing random walk for 1405 nodes and 23540 edges.
[TimingStat] Random walk time (s):                0.00264

real	0m0.422s
user	0m0.119s
sys	0m0.196s
