Read Time:           0.00956
Build Time:          0.00197
Reading hyperparameters config file add-hyperparams-filename...
Computing random walk for 1405 nodes and 23540 edges.
[TimingStat] Random walk time (s):                0.00189
Computing random walk for 1405 nodes and 23540 edges.
[TimingStat] Random walk time (s):                0.00114
Computing random walk for 1405 nodes and 23540 edges.
[TimingStat] Random walk time (s):                0.00124
Computing random walk for 1405 nodes and 23540 edges.
[TimingStat] Random walk time (s):                0.00130
Computing random walk for 1405 nodes and 23540 edges.
[TimingStat] Random walk time (s):                0.00165
Computing random walk for 1405 nodes and 23540 edges.
[TimingStat] Random walk time (s):                0.00229
Computing random walk for 1405 nodes and 23540 edges.
[TimingStat] Random walk time (s):                0.00122
Computing random walk for 1405 nodes and 23540 edges.
[TimingStat] Random walk time (s):                0.00119
Computing random walk for 1405 nodes and 23540 edges.
[TimingStat] Random walk time (s):                0.00133
Computing random walk for 1405 nodes and 23540 edges.
[TimingStat] Random walk time (s):                0.00116
Computing random walk for 1405 nodes and 23540 edges.
[TimingStat] Random walk time (s):                0.00121
Computing random walk for 1405 nodes and 23540 edges.
[TimingStat] Random walk time (s):                0.00155
Computing random walk for 1405 nodes and 23540 edges.
[TimingStat] Random walk time (s):                0.00135
Computing random walk for 1405 nodes and 23540 edges.
[TimingStat] Random walk time (s):                0.00112
Computing random walk for 1405 nodes and 23540 edges.
[TimingStat] Random walk time (s):                0.00132
Computing random walk for 1405 nodes and 23540 edges.
[TimingStat] Random walk time (s):                0.00127
Computing random walk for 1405 nodes and 23540 edges.
[TimingStat] Random walk time (s):                0.00116
Computing random walk for 1405 nodes and 23540 edges.
[TimingStat] Random walk time (s):                0.00123
Computing random walk for 1405 nodes and 23540 edges.
[TimingStat] Random walk time (s):                0.00151
Computing random walk for 1405 nodes and 23540 edges.
[TimingStat] Random walk time (s):                0.00146

real	0m0.527s
user	0m0.127s
sys	0m0.197s
