Read Time:           0.00953
Build Time:          0.00197
Reading hyperparameters config file add-hyperparams-filename...
Computing random walk for 1405 nodes and 23540 edges.
[TimingStat] Random walk time (s):                0.00173
Computing random walk for 1405 nodes and 23540 edges.
[TimingStat] Random walk time (s):                0.00117
Computing random walk for 1405 nodes and 23540 edges.
[TimingStat] Random walk time (s):                0.00132
Computing random walk for 1405 nodes and 23540 edges.
[TimingStat] Random walk time (s):                0.00111
Computing random walk for 1405 nodes and 23540 edges.
[TimingStat] Random walk time (s):                0.00148
Computing random walk for 1405 nodes and 23540 edges.
[TimingStat] Random walk time (s):                0.00141
Computing random walk for 1405 nodes and 23540 edges.
[TimingStat] Random walk time (s):                0.00112
Computing random walk for 1405 nodes and 23540 edges.
[TimingStat] Random walk time (s):                0.00119
Computing random walk for 1405 nodes and 23540 edges.
[TimingStat] Random walk time (s):                0.00123
Computing random walk for 1405 nodes and 23540 edges.
[TimingStat] Random walk time (s):                0.00122
Computing random walk for 1405 nodes and 23540 edges.
[TimingStat] Random walk time (s):                0.00127
Computing random walk for 1405 nodes and 23540 edges.
[TimingStat] Random walk time (s):                0.00143
Computing random walk for 1405 nodes and 23540 edges.
[TimingStat] Random walk time (s):                0.00156
Computing random walk for 1405 nodes and 23540 edges.
[TimingStat] Random walk time (s):                0.00129
Computing random walk for 1405 nodes and 23540 edges.
[TimingStat] Random walk time (s):                0.00126
Computing random walk for 1405 nodes and 23540 edges.
[TimingStat] Random walk time (s):                0.00123
Computing random walk for 1405 nodes and 23540 edges.
[TimingStat] Random walk time (s):                0.00130
Computing random walk for 1405 nodes and 23540 edges.
[TimingStat] Random walk time (s):                0.00121
Computing random walk for 1405 nodes and 23540 edges.
[TimingStat] Random walk time (s):                0.00142
Computing random walk for 1405 nodes and 23540 edges.
[TimingStat] Random walk time (s):                0.00141

real	0m0.428s
user	0m0.118s
sys	0m0.194s
