Read Time:           0.01634
Build Time:          0.00186
Reading hyperparameters config file add-hyperparams-filename...
Computing random walk for 1405 nodes and 23540 edges.
[TimingStat] Random walk time (s):                0.01314
Computing random walk for 1405 nodes and 23540 edges.
[TimingStat] Random walk time (s):                0.01267
Computing random walk for 1405 nodes and 23540 edges.
[TimingStat] Random walk time (s):                0.01301
Computing random walk for 1405 nodes and 23540 edges.
[TimingStat] Random walk time (s):                0.01302
Computing random walk for 1405 nodes and 23540 edges.
[TimingStat] Random walk time (s):                0.01296
Computing random walk for 1405 nodes and 23540 edges.
[TimingStat] Random walk time (s):                0.01301
Computing random walk for 1405 nodes and 23540 edges.
[TimingStat] Random walk time (s):                0.01278
Computing random walk for 1405 nodes and 23540 edges.
[TimingStat] Random walk time (s):                0.01274
Computing random walk for 1405 nodes and 23540 edges.
[TimingStat] Random walk time (s):                0.01273
Computing random walk for 1405 nodes and 23540 edges.
[TimingStat] Random walk time (s):                0.01301
Computing random walk for 1405 nodes and 23540 edges.
[TimingStat] Random walk time (s):                0.01299
Computing random walk for 1405 nodes and 23540 edges.
[TimingStat] Random walk time (s):                0.01301
Computing random walk for 1405 nodes and 23540 edges.
[TimingStat] Random walk time (s):                0.01299
Computing random walk for 1405 nodes and 23540 edges.
[TimingStat] Random walk time (s):                0.01273
Computing random walk for 1405 nodes and 23540 edges.
[TimingStat] Random walk time (s):                0.01271
Computing random walk for 1405 nodes and 23540 edges.
[TimingStat] Random walk time (s):                0.01273
Computing random walk for 1405 nodes and 23540 edges.
[TimingStat] Random walk time (s):                0.01305
Computing random walk for 1405 nodes and 23540 edges.
[TimingStat] Random walk time (s):                0.01296
Computing random walk for 1405 nodes and 23540 edges.
[TimingStat] Random walk time (s):                0.01299
Computing random walk for 1405 nodes and 23540 edges.
[TimingStat] Random walk time (s):                0.01303

real	0m0.697s
user	0m0.347s
sys	0m0.175s
