Read Time:           0.03740
Build Time:          0.00198
Reading hyperparameters config file add-hyperparams-filename...
Computing random walk for 1405 nodes and 23540 edges.
[TimingStat] Random walk time (s):                0.01317
Computing random walk for 1405 nodes and 23540 edges.
[TimingStat] Random walk time (s):                0.01300
Computing random walk for 1405 nodes and 23540 edges.
[TimingStat] Random walk time (s):                0.01334
Computing random walk for 1405 nodes and 23540 edges.
[TimingStat] Random walk time (s):                0.01331
Computing random walk for 1405 nodes and 23540 edges.
[TimingStat] Random walk time (s):                0.01326
Computing random walk for 1405 nodes and 23540 edges.
[TimingStat] Random walk time (s):                0.01331
Computing random walk for 1405 nodes and 23540 edges.
[TimingStat] Random walk time (s):                0.01304
Computing random walk for 1405 nodes and 23540 edges.
[TimingStat] Random walk time (s):                0.01299
Computing random walk for 1405 nodes and 23540 edges.
[TimingStat] Random walk time (s):                0.01303
Computing random walk for 1405 nodes and 23540 edges.
[TimingStat] Random walk time (s):                0.01329
Computing random walk for 1405 nodes and 23540 edges.
[TimingStat] Random walk time (s):                0.01334
Computing random walk for 1405 nodes and 23540 edges.
[TimingStat] Random walk time (s):                0.01324
Computing random walk for 1405 nodes and 23540 edges.
[TimingStat] Random walk time (s):                0.01328
Computing random walk for 1405 nodes and 23540 edges.
[TimingStat] Random walk time (s):                0.01307
Computing random walk for 1405 nodes and 23540 edges.
[TimingStat] Random walk time (s):                0.01305
Computing random walk for 1405 nodes and 23540 edges.
[TimingStat] Random walk time (s):                0.01303
Computing random walk for 1405 nodes and 23540 edges.
[TimingStat] Random walk time (s):                0.01332
Computing random walk for 1405 nodes and 23540 edges.
[TimingStat] Random walk time (s):                0.01330
Computing random walk for 1405 nodes and 23540 edges.
[TimingStat] Random walk time (s):                0.01329
Computing random walk for 1405 nodes and 23540 edges.
[TimingStat] Random walk time (s):                0.01335

real	0m1.045s
user	0m0.454s
sys	0m0.203s
