Read Time:           0.00955
Build Time:          0.00197
Reading hyperparameters config file add-hyperparams-filename...
Computing random walk for 1405 nodes and 23540 edges.
[TimingStat] Random walk time (s):                0.00178
Computing random walk for 1405 nodes and 23540 edges.
[TimingStat] Random walk time (s):                0.00108
Computing random walk for 1405 nodes and 23540 edges.
[TimingStat] Random walk time (s):                0.00120
Computing random walk for 1405 nodes and 23540 edges.
[TimingStat] Random walk time (s):                0.00111
Computing random walk for 1405 nodes and 23540 edges.
[TimingStat] Random walk time (s):                0.00168
Computing random walk for 1405 nodes and 23540 edges.
[TimingStat] Random walk time (s):                0.00150
Computing random walk for 1405 nodes and 23540 edges.
[TimingStat] Random walk time (s):                0.00112
Computing random walk for 1405 nodes and 23540 edges.
[TimingStat] Random walk time (s):                0.00128
Computing random walk for 1405 nodes and 23540 edges.
[TimingStat] Random walk time (s):                0.00137
Computing random walk for 1405 nodes and 23540 edges.
[TimingStat] Random walk time (s):                0.00130
Computing random walk for 1405 nodes and 23540 edges.
[TimingStat] Random walk time (s):                0.00123
Computing random walk for 1405 nodes and 23540 edges.
[TimingStat] Random walk time (s):                0.00200
Computing random walk for 1405 nodes and 23540 edges.
[TimingStat] Random walk time (s):                0.00159
Computing random walk for 1405 nodes and 23540 edges.
[TimingStat] Random walk time (s):                0.00121
Computing random walk for 1405 nodes and 23540 edges.
[TimingStat] Random walk time (s):                0.00120
Computing random walk for 1405 nodes and 23540 edges.
[TimingStat] Random walk time (s):                0.00114
Computing random walk for 1405 nodes and 23540 edges.
[TimingStat] Random walk time (s):                0.00114
Computing random walk for 1405 nodes and 23540 edges.
[TimingStat] Random walk time (s):                0.00112
Computing random walk for 1405 nodes and 23540 edges.
[TimingStat] Random walk time (s):                0.00149
Computing random walk for 1405 nodes and 23540 edges.
[TimingStat] Random walk time (s):                0.00143

real	0m0.422s
user	0m0.119s
sys	0m0.195s
