Read Time:           0.02670
Build Time:          0.00197
Reading hyperparameters config file add-hyperparams-filename...
Computing random walk for 1405 nodes and 23540 edges.
[TimingStat] Random walk time (s):                0.01422
Computing random walk for 1405 nodes and 23540 edges.
[TimingStat] Random walk time (s):                0.00122
Computing random walk for 1405 nodes and 23540 edges.
[TimingStat] Random walk time (s):                0.00125
Computing random walk for 1405 nodes and 23540 edges.
[TimingStat] Random walk time (s):                0.00128
Computing random walk for 1405 nodes and 23540 edges.
[TimingStat] Random walk time (s):                0.00152
Computing random walk for 1405 nodes and 23540 edges.
[TimingStat] Random walk time (s):                0.00147
Computing random walk for 1405 nodes and 23540 edges.
[TimingStat] Random walk time (s):                0.00124
Computing random walk for 1405 nodes and 23540 edges.
[TimingStat] Random walk time (s):                0.00125
Computing random walk for 1405 nodes and 23540 edges.
[TimingStat] Random walk time (s):                0.00120
Computing random walk for 1405 nodes and 23540 edges.
[TimingStat] Random walk time (s):                0.00110
Computing random walk for 1405 nodes and 23540 edges.
[TimingStat] Random walk time (s):                0.00122
Computing random walk for 1405 nodes and 23540 edges.
[TimingStat] Random walk time (s):                0.00154
Computing random walk for 1405 nodes and 23540 edges.
[TimingStat] Random walk time (s):                0.00147
Computing random walk for 1405 nodes and 23540 edges.
[TimingStat] Random walk time (s):                0.00120
Computing random walk for 1405 nodes and 23540 edges.
[TimingStat] Random walk time (s):                0.00123
Computing random walk for 1405 nodes and 23540 edges.
[TimingStat] Random walk time (s):                0.00128
Computing random walk for 1405 nodes and 23540 edges.
[TimingStat] Random walk time (s):                0.00127
Computing random walk for 1405 nodes and 23540 edges.
[TimingStat] Random walk time (s):                0.00117
Computing random walk for 1405 nodes and 23540 edges.
[TimingStat] Random walk time (s):                0.00142
Computing random walk for 1405 nodes and 23540 edges.
[TimingStat] Random walk time (s):                0.00167

real	0m1.371s
user	0m0.130s
sys	0m0.198s
