Read Time:           0.01691
Build Time:          0.00205
Reading hyperparameters config file add-hyperparams-filename...
Computing random walk for 1405 nodes and 23540 edges.
[TimingStat] Random walk time (s):                0.01714
Computing random walk for 1405 nodes and 23540 edges.
[TimingStat] Random walk time (s):                0.01278
Computing random walk for 1405 nodes and 23540 edges.
[TimingStat] Random walk time (s):                0.01315
Computing random walk for 1405 nodes and 23540 edges.
[TimingStat] Random walk time (s):                0.01305
Computing random walk for 1405 nodes and 23540 edges.
[TimingStat] Random walk time (s):                0.01309
Computing random walk for 1405 nodes and 23540 edges.
[TimingStat] Random walk time (s):                0.01306
Computing random walk for 1405 nodes and 23540 edges.
[TimingStat] Random walk time (s):                0.01286
Computing random walk for 1405 nodes and 23540 edges.
[TimingStat] Random walk time (s):                0.01283
Computing random walk for 1405 nodes and 23540 edges.
[TimingStat] Random walk time (s):                0.01281
Computing random walk for 1405 nodes and 23540 edges.
[TimingStat] Random walk time (s):                0.01307
Computing random walk for 1405 nodes and 23540 edges.
[TimingStat] Random walk time (s):                0.01308
Computing random walk for 1405 nodes and 23540 edges.
[TimingStat] Random walk time (s):                0.01308
Computing random walk for 1405 nodes and 23540 edges.
[TimingStat] Random walk time (s):                0.01309
Computing random walk for 1405 nodes and 23540 edges.
[TimingStat] Random walk time (s):                0.01283
Computing random walk for 1405 nodes and 23540 edges.
[TimingStat] Random walk time (s):                0.01287
Computing random walk for 1405 nodes and 23540 edges.
[TimingStat] Random walk time (s):                0.01288
Computing random walk for 1405 nodes and 23540 edges.
[TimingStat] Random walk time (s):                0.01310
Computing random walk for 1405 nodes and 23540 edges.
[TimingStat] Random walk time (s):                0.01310
Computing random walk for 1405 nodes and 23540 edges.
[TimingStat] Random walk time (s):                0.01310
Computing random walk for 1405 nodes and 23540 edges.
[TimingStat] Random walk time (s):                0.01309

real	0m0.752s
user	0m0.367s
sys	0m0.168s
