Read Time:           0.00961
Build Time:          0.00197
Reading hyperparameters config file add-hyperparams-filename...
Computing random walk for 1405 nodes and 23540 edges.
[TimingStat] Random walk time (s):                0.00189
Computing random walk for 1405 nodes and 23540 edges.
[TimingStat] Random walk time (s):                0.00106
Computing random walk for 1405 nodes and 23540 edges.
[TimingStat] Random walk time (s):                0.00115
Computing random walk for 1405 nodes and 23540 edges.
[TimingStat] Random walk time (s):                0.00126
Computing random walk for 1405 nodes and 23540 edges.
[TimingStat] Random walk time (s):                0.00153
Computing random walk for 1405 nodes and 23540 edges.
[TimingStat] Random walk time (s):                0.00145
Computing random walk for 1405 nodes and 23540 edges.
[TimingStat] Random walk time (s):                0.00108
Computing random walk for 1405 nodes and 23540 edges.
[TimingStat] Random walk time (s):                0.00128
Computing random walk for 1405 nodes and 23540 edges.
[TimingStat] Random walk time (s):                0.00117
Computing random walk for 1405 nodes and 23540 edges.
[TimingStat] Random walk time (s):                0.00132
Computing random walk for 1405 nodes and 23540 edges.
[TimingStat] Random walk time (s):                0.00134
Computing random walk for 1405 nodes and 23540 edges.
[TimingStat] Random walk time (s):                0.00136
Computing random walk for 1405 nodes and 23540 edges.
[TimingStat] Random walk time (s):                0.00148
Computing random walk for 1405 nodes and 23540 edges.
[TimingStat] Random walk time (s):                0.00114
Computing random walk for 1405 nodes and 23540 edges.
[TimingStat] Random walk time (s):                0.00111
Computing random walk for 1405 nodes and 23540 edges.
[TimingStat] Random walk time (s):                0.00115
Computing random walk for 1405 nodes and 23540 edges.
[TimingStat] Random walk time (s):                0.00137
Computing random walk for 1405 nodes and 23540 edges.
[TimingStat] Random walk time (s):                0.00124
Computing random walk for 1405 nodes and 23540 edges.
[TimingStat] Random walk time (s):                0.00151
Computing random walk for 1405 nodes and 23540 edges.
[TimingStat] Random walk time (s):                0.00153

real	0m0.358s
user	0m0.128s
sys	0m0.190s
