Read Time:           0.00972
Build Time:          0.00200
Reading hyperparameters config file add-hyperparams-filename...
Computing random walk for 1405 nodes and 23540 edges.
[TimingStat] Random walk time (s):                0.01415
Computing random walk for 1405 nodes and 23540 edges.
[TimingStat] Random walk time (s):                0.01317
Computing random walk for 1405 nodes and 23540 edges.
[TimingStat] Random walk time (s):                0.01346
Computing random walk for 1405 nodes and 23540 edges.
[TimingStat] Random walk time (s):                0.01341
Computing random walk for 1405 nodes and 23540 edges.
[TimingStat] Random walk time (s):                0.01341
Computing random walk for 1405 nodes and 23540 edges.
[TimingStat] Random walk time (s):                0.01341
Computing random walk for 1405 nodes and 23540 edges.
[TimingStat] Random walk time (s):                0.01319
Computing random walk for 1405 nodes and 23540 edges.
[TimingStat] Random walk time (s):                0.01315
Computing random walk for 1405 nodes and 23540 edges.
[TimingStat] Random walk time (s):                0.01320
Computing random walk for 1405 nodes and 23540 edges.
[TimingStat] Random walk time (s):                0.01345
Computing random walk for 1405 nodes and 23540 edges.
[TimingStat] Random walk time (s):                0.01340
Computing random walk for 1405 nodes and 23540 edges.
[TimingStat] Random walk time (s):                0.01342
Computing random walk for 1405 nodes and 23540 edges.
[TimingStat] Random walk time (s):                0.01338
Computing random walk for 1405 nodes and 23540 edges.
[TimingStat] Random walk time (s):                0.01318
Computing random walk for 1405 nodes and 23540 edges.
[TimingStat] Random walk time (s):                0.01317
Computing random walk for 1405 nodes and 23540 edges.
[TimingStat] Random walk time (s):                0.01316
Computing random walk for 1405 nodes and 23540 edges.
[TimingStat] Random walk time (s):                0.01345
Computing random walk for 1405 nodes and 23540 edges.
[TimingStat] Random walk time (s):                0.01345
Computing random walk for 1405 nodes and 23540 edges.
[TimingStat] Random walk time (s):                0.01342
Computing random walk for 1405 nodes and 23540 edges.
[TimingStat] Random walk time (s):                0.01337

real	0m0.746s
user	0m0.369s
sys	0m0.200s
