Read Time:           0.04207
Build Time:          0.00197
Reading hyperparameters config file add-hyperparams-filename...
Computing random walk for 1405 nodes and 23540 edges.
[TimingStat] Random walk time (s):                0.01377
Computing random walk for 1405 nodes and 23540 edges.
[TimingStat] Random walk time (s):                0.01317
Computing random walk for 1405 nodes and 23540 edges.
[TimingStat] Random walk time (s):                0.01347
Computing random walk for 1405 nodes and 23540 edges.
[TimingStat] Random walk time (s):                0.01341
Computing random walk for 1405 nodes and 23540 edges.
[TimingStat] Random walk time (s):                0.01343
Computing random walk for 1405 nodes and 23540 edges.
[TimingStat] Random walk time (s):                0.01340
Computing random walk for 1405 nodes and 23540 edges.
[TimingStat] Random walk time (s):                0.01319
Computing random walk for 1405 nodes and 23540 edges.
[TimingStat] Random walk time (s):                0.01315
Computing random walk for 1405 nodes and 23540 edges.
[TimingStat] Random walk time (s):                0.01316
Computing random walk for 1405 nodes and 23540 edges.
[TimingStat] Random walk time (s):                0.01346
Computing random walk for 1405 nodes and 23540 edges.
[TimingStat] Random walk time (s):                0.01340
Computing random walk for 1405 nodes and 23540 edges.
[TimingStat] Random walk time (s):                0.01338
Computing random walk for 1405 nodes and 23540 edges.
[TimingStat] Random walk time (s):                0.01339
Computing random walk for 1405 nodes and 23540 edges.
[TimingStat] Random walk time (s):                0.01313
Computing random walk for 1405 nodes and 23540 edges.
[TimingStat] Random walk time (s):                0.01315
Computing random walk for 1405 nodes and 23540 edges.
[TimingStat] Random walk time (s):                0.01318
Computing random walk for 1405 nodes and 23540 edges.
[TimingStat] Random walk time (s):                0.01346
Computing random walk for 1405 nodes and 23540 edges.
[TimingStat] Random walk time (s):                0.01348
Computing random walk for 1405 nodes and 23540 edges.
[TimingStat] Random walk time (s):                0.01346
Computing random walk for 1405 nodes and 23540 edges.
[TimingStat] Random walk time (s):                0.01341

real	0m0.714s
user	0m0.370s
sys	0m0.195s
