Read Time:           0.00955
Build Time:          0.00195
Reading hyperparameters config file add-hyperparams-filename...
Computing random walk for 1405 nodes and 23540 edges.
[TimingStat] Random walk time (s):                0.01556
Computing random walk for 1405 nodes and 23540 edges.
[TimingStat] Random walk time (s):                0.01498
Computing random walk for 1405 nodes and 23540 edges.
[TimingStat] Random walk time (s):                0.01497
Computing random walk for 1405 nodes and 23540 edges.
[TimingStat] Random walk time (s):                0.01494
Computing random walk for 1405 nodes and 23540 edges.
[TimingStat] Random walk time (s):                0.01502
Computing random walk for 1405 nodes and 23540 edges.
[TimingStat] Random walk time (s):                0.01495
Computing random walk for 1405 nodes and 23540 edges.
[TimingStat] Random walk time (s):                0.01470
Computing random walk for 1405 nodes and 23540 edges.
[TimingStat] Random walk time (s):                0.01471
Computing random walk for 1405 nodes and 23540 edges.
[TimingStat] Random walk time (s):                0.01509
Computing random walk for 1405 nodes and 23540 edges.
[TimingStat] Random walk time (s):                0.01507
Computing random walk for 1405 nodes and 23540 edges.
[TimingStat] Random walk time (s):                0.01505
Computing random walk for 1405 nodes and 23540 edges.
[TimingStat] Random walk time (s):                0.01492
Computing random walk for 1405 nodes and 23540 edges.
[TimingStat] Random walk time (s):                0.01492
Computing random walk for 1405 nodes and 23540 edges.
[TimingStat] Random walk time (s):                0.01471
Computing random walk for 1405 nodes and 23540 edges.
[TimingStat] Random walk time (s):                0.01471
Computing random walk for 1405 nodes and 23540 edges.
[TimingStat] Random walk time (s):                0.01498
Computing random walk for 1405 nodes and 23540 edges.
[TimingStat] Random walk time (s):                0.01504
Computing random walk for 1405 nodes and 23540 edges.
[TimingStat] Random walk time (s):                0.01492
Computing random walk for 1405 nodes and 23540 edges.
[TimingStat] Random walk time (s):                0.01495
Computing random walk for 1405 nodes and 23540 edges.
[TimingStat] Random walk time (s):                0.01498

real	0m0.950s
user	0m0.395s
sys	0m0.189s
