Read Time:           0.00957
Build Time:          0.00196
Reading hyperparameters config file add-hyperparams-filename...
Computing random walk for 1405 nodes and 23540 edges.
[TimingStat] Random walk time (s):                0.00149
Computing random walk for 1405 nodes and 23540 edges.
[TimingStat] Random walk time (s):                0.00105
Computing random walk for 1405 nodes and 23540 edges.
[TimingStat] Random walk time (s):                0.00111
Computing random walk for 1405 nodes and 23540 edges.
[TimingStat] Random walk time (s):                0.00114
Computing random walk for 1405 nodes and 23540 edges.
[TimingStat] Random walk time (s):                0.00137
Computing random walk for 1405 nodes and 23540 edges.
[TimingStat] Random walk time (s):                0.00143
Computing random walk for 1405 nodes and 23540 edges.
[TimingStat] Random walk time (s):                0.00100
Computing random walk for 1405 nodes and 23540 edges.
[TimingStat] Random walk time (s):                0.00098
Computing random walk for 1405 nodes and 23540 edges.
[TimingStat] Random walk time (s):                0.00086
Computing random walk for 1405 nodes and 23540 edges.
[TimingStat] Random walk time (s):                0.00115
Computing random walk for 1405 nodes and 23540 edges.
[TimingStat] Random walk time (s):                0.00117
Computing random walk for 1405 nodes and 23540 edges.
[TimingStat] Random walk time (s):                0.00130
Computing random walk for 1405 nodes and 23540 edges.
[TimingStat] Random walk time (s):                0.00128
Computing random walk for 1405 nodes and 23540 edges.
[TimingStat] Random walk time (s):                0.00099
Computing random walk for 1405 nodes and 23540 edges.
[TimingStat] Random walk time (s):                0.00110
Computing random walk for 1405 nodes and 23540 edges.
[TimingStat] Random walk time (s):                0.00099
Computing random walk for 1405 nodes and 23540 edges.
[TimingStat] Random walk time (s):                0.00105
Computing random walk for 1405 nodes and 23540 edges.
[TimingStat] Random walk time (s):                0.00116
Computing random walk for 1405 nodes and 23540 edges.
[TimingStat] Random walk time (s):                0.00127
Computing random walk for 1405 nodes and 23540 edges.
[TimingStat] Random walk time (s):                0.00132

real	0m0.605s
user	0m0.221s
sys	0m0.193s
