Read Time:           0.00962
Build Time:          0.00198
Reading hyperparameters config file add-hyperparams-filename...
Computing random walk for 1405 nodes and 23540 edges.
[TimingStat] Random walk time (s):                0.00478
Computing random walk for 1405 nodes and 23540 edges.
[TimingStat] Random walk time (s):                0.00119
Computing random walk for 1405 nodes and 23540 edges.
[TimingStat] Random walk time (s):                0.00108
Computing random walk for 1405 nodes and 23540 edges.
[TimingStat] Random walk time (s):                0.00126
Computing random walk for 1405 nodes and 23540 edges.
[TimingStat] Random walk time (s):                0.00155
Computing random walk for 1405 nodes and 23540 edges.
[TimingStat] Random walk time (s):                0.00153
Computing random walk for 1405 nodes and 23540 edges.
[TimingStat] Random walk time (s):                0.00121
Computing random walk for 1405 nodes and 23540 edges.
[TimingStat] Random walk time (s):                0.00132
Computing random walk for 1405 nodes and 23540 edges.
[TimingStat] Random walk time (s):                0.00133
Computing random walk for 1405 nodes and 23540 edges.
[TimingStat] Random walk time (s):                0.00121
Computing random walk for 1405 nodes and 23540 edges.
[TimingStat] Random walk time (s):                0.00128
Computing random walk for 1405 nodes and 23540 edges.
[TimingStat] Random walk time (s):                0.00147
Computing random walk for 1405 nodes and 23540 edges.
[TimingStat] Random walk time (s):                0.00142
Computing random walk for 1405 nodes and 23540 edges.
[TimingStat] Random walk time (s):                0.00128
Computing random walk for 1405 nodes and 23540 edges.
[TimingStat] Random walk time (s):                0.00116
Computing random walk for 1405 nodes and 23540 edges.
[TimingStat] Random walk time (s):                0.00137
Computing random walk for 1405 nodes and 23540 edges.
[TimingStat] Random walk time (s):                0.00126
Computing random walk for 1405 nodes and 23540 edges.
[TimingStat] Random walk time (s):                0.00128
Computing random walk for 1405 nodes and 23540 edges.
[TimingStat] Random walk time (s):                0.00152
Computing random walk for 1405 nodes and 23540 edges.
[TimingStat] Random walk time (s):                0.00150

real	0m0.386s
user	0m0.125s
sys	0m0.196s
