Read Time:           0.00959
Build Time:          0.00196
Reading hyperparameters config file add-hyperparams-filename...
Computing random walk for 1405 nodes and 23540 edges.
[TimingStat] Random walk time (s):                0.01342
Computing random walk for 1405 nodes and 23540 edges.
[TimingStat] Random walk time (s):                0.01308
Computing random walk for 1405 nodes and 23540 edges.
[TimingStat] Random walk time (s):                0.01335
Computing random walk for 1405 nodes and 23540 edges.
[TimingStat] Random walk time (s):                0.01328
Computing random walk for 1405 nodes and 23540 edges.
[TimingStat] Random walk time (s):                0.01332
Computing random walk for 1405 nodes and 23540 edges.
[TimingStat] Random walk time (s):                0.01330
Computing random walk for 1405 nodes and 23540 edges.
[TimingStat] Random walk time (s):                0.01311
Computing random walk for 1405 nodes and 23540 edges.
[TimingStat] Random walk time (s):                0.01301
Computing random walk for 1405 nodes and 23540 edges.
[TimingStat] Random walk time (s):                0.01304
Computing random walk for 1405 nodes and 23540 edges.
[TimingStat] Random walk time (s):                0.01332
Computing random walk for 1405 nodes and 23540 edges.
[TimingStat] Random walk time (s):                0.01336
Computing random walk for 1405 nodes and 23540 edges.
[TimingStat] Random walk time (s):                0.01331
Computing random walk for 1405 nodes and 23540 edges.
[TimingStat] Random walk time (s):                0.01330
Computing random walk for 1405 nodes and 23540 edges.
[TimingStat] Random walk time (s):                0.01303
Computing random walk for 1405 nodes and 23540 edges.
[TimingStat] Random walk time (s):                0.01300
Computing random walk for 1405 nodes and 23540 edges.
[TimingStat] Random walk time (s):                0.01303
Computing random walk for 1405 nodes and 23540 edges.
[TimingStat] Random walk time (s):                0.01331
Computing random walk for 1405 nodes and 23540 edges.
[TimingStat] Random walk time (s):                0.01331
Computing random walk for 1405 nodes and 23540 edges.
[TimingStat] Random walk time (s):                0.01336
Computing random walk for 1405 nodes and 23540 edges.
[TimingStat] Random walk time (s):                0.01326

real	0m0.901s
user	0m0.452s
sys	0m0.202s
